<?xml version="1.0" encoding="UTF-8"?>
<!-- Generated by org.testng.reporters.JUnitReportReporter -->
<testsuite skipped="0" hostname="DESKTOP-HHEDQ4L" name="testngrunner.TestNGRunner" tests="1" failures="0" timestamp="13 Mar 2018 01:13:42 GMT" time="6.316" errors="0">
  <testcase name="feature" time="6.316" classname="testngrunner.TestNGRunner"/>
</testsuite> <!-- testngrunner.TestNGRunner -->
